The system is: Linux - 5.10.16.3-microsoft-standard-WSL2 - x86_64
Compiling the C compiler identification source file "CMakeCCompilerId.c" succeeded.
Compiler: /home/f/llvmlib/clang+llvm-13.0.1-x86_64-linux-gnu-ubuntu-18.04/bin/clang 
Build flags: 
Id flags:  

The output was:
0


Compilation of the C compiler identification source "CMakeCCompilerId.c" produced "a.out"

The C compiler identification is Clang, found in "/home/f/SVFtype/SVF-SVF-2.5/build/CMakeFiles/3.22.1/CompilerIdC/a.out"

Compiling the CXX compiler identification source file "CMakeCXXCompilerId.cpp" succeeded.
Compiler: /home/f/llvmlib/clang+llvm-13.0.1-x86_64-linux-gnu-ubuntu-18.04/bin/clang++ 
Build flags: 
Id flags:  

The output was:
0


Compilation of the CXX compiler identification source "CMakeCXXCompilerId.cpp" produced "a.out"

The CXX compiler identification is Clang, found in "/home/f/SVFtype/SVF-SVF-2.5/build/CMakeFiles/3.22.1/CompilerIdCXX/a.out"

Detecting C compiler ABI info compiled with the following output:
Change Dir: /home/f/SVFtype/SVF-SVF-2.5/build/CMakeFiles/CMakeTmp

Run Build Command(s):/usr/bin/gmake -f Makefile cmTC_97ec0/fast && /usr/bin/gmake  -f CMakeFiles/cmTC_97ec0.dir/build.make CMakeFiles/cmTC_97ec0.dir/build
gmake[1]: Entering directory '/home/f/SVFtype/SVF-SVF-2.5/build/CMakeFiles/CMakeTmp'
Building C object CMakeFiles/cmTC_97ec0.dir/CMakeCCompilerABI.c.o
/home/f/llvmlib/clang+llvm-13.0.1-x86_64-linux-gnu-ubuntu-18.04/bin/clang   -v -MD -MT CMakeFiles/cmTC_97ec0.dir/CMakeCCompilerABI.c.o -MF CMakeFiles/cmTC_97ec0.dir/CMakeCCompilerABI.c.o.d -o CMakeFiles/cmTC_97ec0.dir/CMakeCCompilerABI.c.o -c /usr/share/cmake-3.22/Modules/CMakeCCompilerABI.c
clang version 13.0.1
Target: x86_64-unknown-linux-gnu
Thread model: posix
InstalledDir: /home/f/llvmlib/clang+llvm-13.0.1-x86_64-linux-gnu-ubuntu-18.04/bin
Found candidate GCC installation: /usr/lib/gcc/x86_64-linux-gnu/11
Selected GCC installation: /usr/lib/gcc/x86_64-linux-gnu/11
Candidate multilib: .;@m64
Selected multilib: .;@m64
 (in-process)
 "/home/f/llvmlib/clang+llvm-13.0.1-x86_64-linux-gnu-ubuntu-18.04/bin/clang-13" -cc1 -triple x86_64-unknown-linux-gnu -emit-obj -mrelax-all --mrelax-relocations -disable-free -disable-llvm-verifier -discard-value-names -main-file-name CMakeCCompilerABI.c -mrelocation-model static -mframe-pointer=all -fmath-errno -fno-rounding-math -mconstructor-aliases -munwind-tables -target-cpu x86-64 -tune-cpu generic -debugger-tuning=gdb -v -fcoverage-compilation-dir=/home/f/SVFtype/SVF-SVF-2.5/build/CMakeFiles/CMakeTmp -resource-dir /home/f/llvmlib/clang+llvm-13.0.1-x86_64-linux-gnu-ubuntu-18.04/lib/clang/13.0.1 -dependency-file CMakeFiles/cmTC_97ec0.dir/CMakeCCompilerABI.c.o.d -MT CMakeFiles/cmTC_97ec0.dir/CMakeCCompilerABI.c.o -sys-header-deps -internal-isystem /home/f/llvmlib/clang+llvm-13.0.1-x86_64-linux-gnu-ubuntu-18.04/lib/clang/13.0.1/include -internal-isystem /usr/local/include -internal-isystem /usr/lib/gcc/x86_64-linux-gnu/11/../../../../x86_64-linux-gnu/include -internal-externc-isystem /usr/include/x86_64-linux-gnu -internal-externc-isystem /include -internal-externc-isystem /usr/include -fdebug-compilation-dir=/home/f/SVFtype/SVF-SVF-2.5/build/CMakeFiles/CMakeTmp -ferror-limit 19 -fgnuc-version=4.2.1 -faddrsig -D__GCC_HAVE_DWARF2_CFI_ASM=1 -o CMakeFiles/cmTC_97ec0.dir/CMakeCCompilerABI.c.o -x c /usr/share/cmake-3.22/Modules/CMakeCCompilerABI.c
clang -cc1 version 13.0.1 based upon LLVM 13.0.1 default target x86_64-unknown-linux-gnu
ignoring nonexistent directory "/usr/lib/gcc/x86_64-linux-gnu/11/../../../../x86_64-linux-gnu/include"
ignoring nonexistent directory "/include"
#include "..." search starts here:
#include <...> search starts here:
 /home/f/llvmlib/clang+llvm-13.0.1-x86_64-linux-gnu-ubuntu-18.04/lib/clang/13.0.1/include
 /usr/local/include
 /usr/include/x86_64-linux-gnu
 /usr/include
End of search list.
Linking C executable cmTC_97ec0
/usr/bin/cmake -E cmake_link_script CMakeFiles/cmTC_97ec0.dir/link.txt --verbose=1
/home/f/llvmlib/clang+llvm-13.0.1-x86_64-linux-gnu-ubuntu-18.04/bin/clang  -v CMakeFiles/cmTC_97ec0.dir/CMakeCCompilerABI.c.o -o cmTC_97ec0 
clang version 13.0.1
Target: x86_64-unknown-linux-gnu
Thread model: posix
InstalledDir: /home/f/llvmlib/clang+llvm-13.0.1-x86_64-linux-gnu-ubuntu-18.04/bin
Found candidate GCC installation: /usr/lib/gcc/x86_64-linux-gnu/11
Selected GCC installation: /usr/lib/gcc/x86_64-linux-gnu/11
Candidate multilib: .;@m64
Selected multilib: .;@m64
 "/usr/bin/ld" --eh-frame-hdr -m elf_x86_64 -dynamic-linker /lib64/ld-linux-x86-64.so.2 -o cmTC_97ec0 /lib/x86_64-linux-gnu/crt1.o /lib/x86_64-linux-gnu/crti.o /usr/lib/gcc/x86_64-linux-gnu/11/crtbegin.o -L/usr/lib/gcc/x86_64-linux-gnu/11 -L/usr/lib/gcc/x86_64-linux-gnu/11/../../../../lib64 -L/lib/x86_64-linux-gnu -L/lib/../lib64 -L/usr/lib/x86_64-linux-gnu -L/usr/lib/../lib64 -L/home/f/llvmlib/clang+llvm-13.0.1-x86_64-linux-gnu-ubuntu-18.04/bin/../lib -L/lib -L/usr/lib CMakeFiles/cmTC_97ec0.dir/CMakeCCompilerABI.c.o -lgcc --as-needed -lgcc_s --no-as-needed -lc -lgcc --as-needed -lgcc_s --no-as-needed /usr/lib/gcc/x86_64-linux-gnu/11/crtend.o /lib/x86_64-linux-gnu/crtn.o
gmake[1]: Leaving directory '/home/f/SVFtype/SVF-SVF-2.5/build/CMakeFiles/CMakeTmp'



Parsed C implicit include dir info from above output: rv=done
  found start of include info
  found start of implicit include info
    add: [/home/f/llvmlib/clang+llvm-13.0.1-x86_64-linux-gnu-ubuntu-18.04/lib/clang/13.0.1/include]
    add: [/usr/local/include]
    add: [/usr/include/x86_64-linux-gnu]
    add: [/usr/include]
  end of search list found
  collapse include dir [/home/f/llvmlib/clang+llvm-13.0.1-x86_64-linux-gnu-ubuntu-18.04/lib/clang/13.0.1/include] ==> [/home/f/llvmlib/clang+llvm-13.0.1-x86_64-linux-gnu-ubuntu-18.04/lib/clang/13.0.1/include]
  collapse include dir [/usr/local/include] ==> [/usr/local/include]
  collapse include dir [/usr/include/x86_64-linux-gnu] ==> [/usr/include/x86_64-linux-gnu]
  collapse include dir [/usr/include] ==> [/usr/include]
  implicit include dirs: [/home/f/llvmlib/clang+llvm-13.0.1-x86_64-linux-gnu-ubuntu-18.04/lib/clang/13.0.1/include;/usr/local/include;/usr/include/x86_64-linux-gnu;/usr/include]


Parsed C implicit link information from above output:
  link line regex: [^( *|.*[/\])(ld\.lld|CMAKE_LINK_STARTFILE-NOTFOUND|([^/\]+-)?ld|collect2)[^/\]*( |$)]
  ignore line: [Change Dir: /home/f/SVFtype/SVF-SVF-2.5/build/CMakeFiles/CMakeTmp]
  ignore line: []
  ignore line: [Run Build Command(s):/usr/bin/gmake -f Makefile cmTC_97ec0/fast && /usr/bin/gmake  -f CMakeFiles/cmTC_97ec0.dir/build.make CMakeFiles/cmTC_97ec0.dir/build]
  ignore line: [gmake[1]: Entering directory '/home/f/SVFtype/SVF-SVF-2.5/build/CMakeFiles/CMakeTmp']
  ignore line: [Building C object CMakeFiles/cmTC_97ec0.dir/CMakeCCompilerABI.c.o]
  ignore line: [/home/f/llvmlib/clang+llvm-13.0.1-x86_64-linux-gnu-ubuntu-18.04/bin/clang   -v -MD -MT CMakeFiles/cmTC_97ec0.dir/CMakeCCompilerABI.c.o -MF CMakeFiles/cmTC_97ec0.dir/CMakeCCompilerABI.c.o.d -o CMakeFiles/cmTC_97ec0.dir/CMakeCCompilerABI.c.o -c /usr/share/cmake-3.22/Modules/CMakeCCompilerABI.c]
  ignore line: [clang version 13.0.1]
  ignore line: [Target: x86_64-unknown-linux-gnu]
  ignore line: [Thread model: posix]
  ignore line: [InstalledDir: /home/f/llvmlib/clang+llvm-13.0.1-x86_64-linux-gnu-ubuntu-18.04/bin]
  ignore line: [Found candidate GCC installation: /usr/lib/gcc/x86_64-linux-gnu/11]
  ignore line: [Selected GCC installation: /usr/lib/gcc/x86_64-linux-gnu/11]
  ignore line: [Candidate multilib: .]
  ignore line: [@m64]
  ignore line: [Selected multilib: .]
  ignore line: [@m64]
  ignore line: [ (in-process)]
  ignore line: [ "/home/f/llvmlib/clang+llvm-13.0.1-x86_64-linux-gnu-ubuntu-18.04/bin/clang-13" -cc1 -triple x86_64-unknown-linux-gnu -emit-obj -mrelax-all --mrelax-relocations -disable-free -disable-llvm-verifier -discard-value-names -main-file-name CMakeCCompilerABI.c -mrelocation-model static -mframe-pointer=all -fmath-errno -fno-rounding-math -mconstructor-aliases -munwind-tables -target-cpu x86-64 -tune-cpu generic -debugger-tuning=gdb -v -fcoverage-compilation-dir=/home/f/SVFtype/SVF-SVF-2.5/build/CMakeFiles/CMakeTmp -resource-dir /home/f/llvmlib/clang+llvm-13.0.1-x86_64-linux-gnu-ubuntu-18.04/lib/clang/13.0.1 -dependency-file CMakeFiles/cmTC_97ec0.dir/CMakeCCompilerABI.c.o.d -MT CMakeFiles/cmTC_97ec0.dir/CMakeCCompilerABI.c.o -sys-header-deps -internal-isystem /home/f/llvmlib/clang+llvm-13.0.1-x86_64-linux-gnu-ubuntu-18.04/lib/clang/13.0.1/include -internal-isystem /usr/local/include -internal-isystem /usr/lib/gcc/x86_64-linux-gnu/11/../../../../x86_64-linux-gnu/include -internal-externc-isystem /usr/include/x86_64-linux-gnu -internal-externc-isystem /include -internal-externc-isystem /usr/include -fdebug-compilation-dir=/home/f/SVFtype/SVF-SVF-2.5/build/CMakeFiles/CMakeTmp -ferror-limit 19 -fgnuc-version=4.2.1 -faddrsig -D__GCC_HAVE_DWARF2_CFI_ASM=1 -o CMakeFiles/cmTC_97ec0.dir/CMakeCCompilerABI.c.o -x c /usr/share/cmake-3.22/Modules/CMakeCCompilerABI.c]
  ignore line: [clang -cc1 version 13.0.1 based upon LLVM 13.0.1 default target x86_64-unknown-linux-gnu]
  ignore line: [ignoring nonexistent directory "/usr/lib/gcc/x86_64-linux-gnu/11/../../../../x86_64-linux-gnu/include"]
  ignore line: [ignoring nonexistent directory "/include"]
  ignore line: [#include "..." search starts here:]
  ignore line: [#include <...> search starts here:]
  ignore line: [ /home/f/llvmlib/clang+llvm-13.0.1-x86_64-linux-gnu-ubuntu-18.04/lib/clang/13.0.1/include]
  ignore line: [ /usr/local/include]
  ignore line: [ /usr/include/x86_64-linux-gnu]
  ignore line: [ /usr/include]
  ignore line: [End of search list.]
  ignore line: [Linking C executable cmTC_97ec0]
  ignore line: [/usr/bin/cmake -E cmake_link_script CMakeFiles/cmTC_97ec0.dir/link.txt --verbose=1]
  ignore line: [/home/f/llvmlib/clang+llvm-13.0.1-x86_64-linux-gnu-ubuntu-18.04/bin/clang  -v CMakeFiles/cmTC_97ec0.dir/CMakeCCompilerABI.c.o -o cmTC_97ec0 ]
  ignore line: [clang version 13.0.1]
  ignore line: [Target: x86_64-unknown-linux-gnu]
  ignore line: [Thread model: posix]
  ignore line: [InstalledDir: /home/f/llvmlib/clang+llvm-13.0.1-x86_64-linux-gnu-ubuntu-18.04/bin]
  ignore line: [Found candidate GCC installation: /usr/lib/gcc/x86_64-linux-gnu/11]
  ignore line: [Selected GCC installation: /usr/lib/gcc/x86_64-linux-gnu/11]
  ignore line: [Candidate multilib: .]
  ignore line: [@m64]
  ignore line: [Selected multilib: .]
  ignore line: [@m64]
  link line: [ "/usr/bin/ld" --eh-frame-hdr -m elf_x86_64 -dynamic-linker /lib64/ld-linux-x86-64.so.2 -o cmTC_97ec0 /lib/x86_64-linux-gnu/crt1.o /lib/x86_64-linux-gnu/crti.o /usr/lib/gcc/x86_64-linux-gnu/11/crtbegin.o -L/usr/lib/gcc/x86_64-linux-gnu/11 -L/usr/lib/gcc/x86_64-linux-gnu/11/../../../../lib64 -L/lib/x86_64-linux-gnu -L/lib/../lib64 -L/usr/lib/x86_64-linux-gnu -L/usr/lib/../lib64 -L/home/f/llvmlib/clang+llvm-13.0.1-x86_64-linux-gnu-ubuntu-18.04/bin/../lib -L/lib -L/usr/lib CMakeFiles/cmTC_97ec0.dir/CMakeCCompilerABI.c.o -lgcc --as-needed -lgcc_s --no-as-needed -lc -lgcc --as-needed -lgcc_s --no-as-needed /usr/lib/gcc/x86_64-linux-gnu/11/crtend.o /lib/x86_64-linux-gnu/crtn.o]
    arg [/usr/bin/ld] ==> ignore
    arg [--eh-frame-hdr] ==> ignore
    arg [-m] ==> ignore
    arg [elf_x86_64] ==> ignore
    arg [-dynamic-linker] ==> ignore
    arg [/lib64/ld-linux-x86-64.so.2] ==> ignore
    arg [-o] ==> ignore
    arg [cmTC_97ec0] ==> ignore
    arg [/lib/x86_64-linux-gnu/crt1.o] ==> obj [/lib/x86_64-linux-gnu/crt1.o]
    arg [/lib/x86_64-linux-gnu/crti.o] ==> obj [/lib/x86_64-linux-gnu/crti.o]
    arg [/usr/lib/gcc/x86_64-linux-gnu/11/crtbegin.o] ==> obj [/usr/lib/gcc/x86_64-linux-gnu/11/crtbegin.o]
    arg [-L/usr/lib/gcc/x86_64-linux-gnu/11] ==> dir [/usr/lib/gcc/x86_64-linux-gnu/11]
    arg [-L/usr/lib/gcc/x86_64-linux-gnu/11/../../../../lib64] ==> dir [/usr/lib/gcc/x86_64-linux-gnu/11/../../../../lib64]
    arg [-L/lib/x86_64-linux-gnu] ==> dir [/lib/x86_64-linux-gnu]
    arg [-L/lib/../lib64] ==> dir [/lib/../lib64]
    arg [-L/usr/lib/x86_64-linux-gnu] ==> dir [/usr/lib/x86_64-linux-gnu]
    arg [-L/usr/lib/../lib64] ==> dir [/usr/lib/../lib64]
    arg [-L/home/f/llvmlib/clang+llvm-13.0.1-x86_64-linux-gnu-ubuntu-18.04/bin/../lib] ==> dir [/home/f/llvmlib/clang+llvm-13.0.1-x86_64-linux-gnu-ubuntu-18.04/bin/../lib]
    arg [-L/lib] ==> dir [/lib]
    arg [-L/usr/lib] ==> dir [/usr/lib]
    arg [CMakeFiles/cmTC_97ec0.dir/CMakeCCompilerABI.c.o] ==> ignore
    arg [-lgcc] ==> lib [gcc]
    arg [--as-needed] ==> ignore
    arg [-lgcc_s] ==> lib [gcc_s]
    arg [--no-as-needed] ==> ignore
    arg [-lc] ==> lib [c]
    arg [-lgcc] ==> lib [gcc]
    arg [--as-needed] ==> ignore
    arg [-lgcc_s] ==> lib [gcc_s]
    arg [--no-as-needed] ==> ignore
    arg [/usr/lib/gcc/x86_64-linux-gnu/11/crtend.o] ==> obj [/usr/lib/gcc/x86_64-linux-gnu/11/crtend.o]
    arg [/lib/x86_64-linux-gnu/crtn.o] ==> obj [/lib/x86_64-linux-gnu/crtn.o]
  collapse library dir [/usr/lib/gcc/x86_64-linux-gnu/11] ==> [/usr/lib/gcc/x86_64-linux-gnu/11]
  collapse library dir [/usr/lib/gcc/x86_64-linux-gnu/11/../../../../lib64] ==> [/usr/lib64]
  collapse library dir [/lib/x86_64-linux-gnu] ==> [/lib/x86_64-linux-gnu]
  collapse library dir [/lib/../lib64] ==> [/lib64]
  collapse library dir [/usr/lib/x86_64-linux-gnu] ==> [/usr/lib/x86_64-linux-gnu]
  collapse library dir [/usr/lib/../lib64] ==> [/usr/lib64]
  collapse library dir [/home/f/llvmlib/clang+llvm-13.0.1-x86_64-linux-gnu-ubuntu-18.04/bin/../lib] ==> [/home/f/llvmlib/clang+llvm-13.0.1-x86_64-linux-gnu-ubuntu-18.04/lib]
  collapse library dir [/lib] ==> [/lib]
  collapse library dir [/usr/lib] ==> [/usr/lib]
  implicit libs: [gcc;gcc_s;c;gcc;gcc_s]
  implicit objs: [/lib/x86_64-linux-gnu/crt1.o;/lib/x86_64-linux-gnu/crti.o;/usr/lib/gcc/x86_64-linux-gnu/11/crtbegin.o;/usr/lib/gcc/x86_64-linux-gnu/11/crtend.o;/lib/x86_64-linux-gnu/crtn.o]
  implicit dirs: [/usr/lib/gcc/x86_64-linux-gnu/11;/usr/lib64;/lib/x86_64-linux-gnu;/lib64;/usr/lib/x86_64-linux-gnu;/home/f/llvmlib/clang+llvm-13.0.1-x86_64-linux-gnu-ubuntu-18.04/lib;/lib;/usr/lib]
  implicit fwks: []


Detecting CXX compiler ABI info compiled with the following output:
Change Dir: /home/f/SVFtype/SVF-SVF-2.5/build/CMakeFiles/CMakeTmp

Run Build Command(s):/usr/bin/gmake -f Makefile cmTC_b4f08/fast && /usr/bin/gmake  -f CMakeFiles/cmTC_b4f08.dir/build.make CMakeFiles/cmTC_b4f08.dir/build
gmake[1]: Entering directory '/home/f/SVFtype/SVF-SVF-2.5/build/CMakeFiles/CMakeTmp'
Building CXX object CMakeFiles/cmTC_b4f08.dir/CMakeCXXCompilerABI.cpp.o
/home/f/llvmlib/clang+llvm-13.0.1-x86_64-linux-gnu-ubuntu-18.04/bin/clang++   -v -MD -MT CMakeFiles/cmTC_b4f08.dir/CMakeCXXCompilerABI.cpp.o -MF CMakeFiles/cmTC_b4f08.dir/CMakeCXXCompilerABI.cpp.o.d -o CMakeFiles/cmTC_b4f08.dir/CMakeCXXCompilerABI.cpp.o -c /usr/share/cmake-3.22/Modules/CMakeCXXCompilerABI.cpp
clang version 13.0.1
Target: x86_64-unknown-linux-gnu
Thread model: posix
InstalledDir: /home/f/llvmlib/clang+llvm-13.0.1-x86_64-linux-gnu-ubuntu-18.04/bin
Found candidate GCC installation: /usr/lib/gcc/x86_64-linux-gnu/11
Selected GCC installation: /usr/lib/gcc/x86_64-linux-gnu/11
Candidate multilib: .;@m64
Selected multilib: .;@m64
 (in-process)
 "/home/f/llvmlib/clang+llvm-13.0.1-x86_64-linux-gnu-ubuntu-18.04/bin/clang-13" -cc1 -triple x86_64-unknown-linux-gnu -emit-obj -mrelax-all --mrelax-relocations -disable-free -disable-llvm-verifier -discard-value-names -main-file-name CMakeCXXCompilerABI.cpp -mrelocation-model static -mframe-pointer=all -fmath-errno -fno-rounding-math -mconstructor-aliases -munwind-tables -target-cpu x86-64 -tune-cpu generic -debugger-tuning=gdb -v -fcoverage-compilation-dir=/home/f/SVFtype/SVF-SVF-2.5/build/CMakeFiles/CMakeTmp -resource-dir /home/f/llvmlib/clang+llvm-13.0.1-x86_64-linux-gnu-ubuntu-18.04/lib/clang/13.0.1 -dependency-file CMakeFiles/cmTC_b4f08.dir/CMakeCXXCompilerABI.cpp.o.d -MT CMakeFiles/cmTC_b4f08.dir/CMakeCXXCompilerABI.cpp.o -sys-header-deps -internal-isystem /usr/lib/gcc/x86_64-linux-gnu/11/../../../../include/c++/11 -internal-isystem /usr/lib/gcc/x86_64-linux-gnu/11/../../../../include/x86_64-linux-gnu/c++/11 -internal-isystem /usr/lib/gcc/x86_64-linux-gnu/11/../../../../include/c++/11/backward -internal-isystem /home/f/llvmlib/clang+llvm-13.0.1-x86_64-linux-gnu-ubuntu-18.04/lib/clang/13.0.1/include -internal-isystem /usr/local/include -internal-isystem /usr/lib/gcc/x86_64-linux-gnu/11/../../../../x86_64-linux-gnu/include -internal-externc-isystem /usr/include/x86_64-linux-gnu -internal-externc-isystem /include -internal-externc-isystem /usr/include -fdeprecated-macro -fdebug-compilation-dir=/home/f/SVFtype/SVF-SVF-2.5/build/CMakeFiles/CMakeTmp -ferror-limit 19 -fgnuc-version=4.2.1 -fcxx-exceptions -fexceptions -faddrsig -D__GCC_HAVE_DWARF2_CFI_ASM=1 -o CMakeFiles/cmTC_b4f08.dir/CMakeCXXCompilerABI.cpp.o -x c++ /usr/share/cmake-3.22/Modules/CMakeCXXCompilerABI.cpp
clang -cc1 version 13.0.1 based upon LLVM 13.0.1 default target x86_64-unknown-linux-gnu
ignoring nonexistent directory "/usr/lib/gcc/x86_64-linux-gnu/11/../../../../x86_64-linux-gnu/include"
ignoring nonexistent directory "/include"
#include "..." search starts here:
#include <...> search starts here:
 /usr/lib/gcc/x86_64-linux-gnu/11/../../../../include/c++/11
 /usr/lib/gcc/x86_64-linux-gnu/11/../../../../include/x86_64-linux-gnu/c++/11
 /usr/lib/gcc/x86_64-linux-gnu/11/../../../../include/c++/11/backward
 /home/f/llvmlib/clang+llvm-13.0.1-x86_64-linux-gnu-ubuntu-18.04/lib/clang/13.0.1/include
 /usr/local/include
 /usr/include/x86_64-linux-gnu
 /usr/include
End of search list.
Linking CXX executable cmTC_b4f08
/usr/bin/cmake -E cmake_link_script CMakeFiles/cmTC_b4f08.dir/link.txt --verbose=1
/home/f/llvmlib/clang+llvm-13.0.1-x86_64-linux-gnu-ubuntu-18.04/bin/clang++  -v CMakeFiles/cmTC_b4f08.dir/CMakeCXXCompilerABI.cpp.o -o cmTC_b4f08 
clang version 13.0.1
Target: x86_64-unknown-linux-gnu
Thread model: posix
InstalledDir: /home/f/llvmlib/clang+llvm-13.0.1-x86_64-linux-gnu-ubuntu-18.04/bin
Found candidate GCC installation: /usr/lib/gcc/x86_64-linux-gnu/11
Selected GCC installation: /usr/lib/gcc/x86_64-linux-gnu/11
Candidate multilib: .;@m64
Selected multilib: .;@m64
 "/usr/bin/ld" --eh-frame-hdr -m elf_x86_64 -dynamic-linker /lib64/ld-linux-x86-64.so.2 -o cmTC_b4f08 /lib/x86_64-linux-gnu/crt1.o /lib/x86_64-linux-gnu/crti.o /usr/lib/gcc/x86_64-linux-gnu/11/crtbegin.o -L/usr/lib/gcc/x86_64-linux-gnu/11 -L/usr/lib/gcc/x86_64-linux-gnu/11/../../../../lib64 -L/lib/x86_64-linux-gnu -L/lib/../lib64 -L/usr/lib/x86_64-linux-gnu -L/usr/lib/../lib64 -L/home/f/llvmlib/clang+llvm-13.0.1-x86_64-linux-gnu-ubuntu-18.04/bin/../lib -L/lib -L/usr/lib CMakeFiles/cmTC_b4f08.dir/CMakeCXXCompilerABI.cpp.o -lstdc++ -lm -lgcc_s -lgcc -lc -lgcc_s -lgcc /usr/lib/gcc/x86_64-linux-gnu/11/crtend.o /lib/x86_64-linux-gnu/crtn.o
gmake[1]: Leaving directory '/home/f/SVFtype/SVF-SVF-2.5/build/CMakeFiles/CMakeTmp'



Parsed CXX implicit include dir info from above output: rv=done
  found start of include info
  found start of implicit include info
    add: [/usr/lib/gcc/x86_64-linux-gnu/11/../../../../include/c++/11]
    add: [/usr/lib/gcc/x86_64-linux-gnu/11/../../../../include/x86_64-linux-gnu/c++/11]
    add: [/usr/lib/gcc/x86_64-linux-gnu/11/../../../../include/c++/11/backward]
    add: [/home/f/llvmlib/clang+llvm-13.0.1-x86_64-linux-gnu-ubuntu-18.04/lib/clang/13.0.1/include]
    add: [/usr/local/include]
    add: [/usr/include/x86_64-linux-gnu]
    add: [/usr/include]
  end of search list found
  collapse include dir [/usr/lib/gcc/x86_64-linux-gnu/11/../../../../include/c++/11] ==> [/usr/include/c++/11]
  collapse include dir [/usr/lib/gcc/x86_64-linux-gnu/11/../../../../include/x86_64-linux-gnu/c++/11] ==> [/usr/include/x86_64-linux-gnu/c++/11]
  collapse include dir [/usr/lib/gcc/x86_64-linux-gnu/11/../../../../include/c++/11/backward] ==> [/usr/include/c++/11/backward]
  collapse include dir [/home/f/llvmlib/clang+llvm-13.0.1-x86_64-linux-gnu-ubuntu-18.04/lib/clang/13.0.1/include] ==> [/home/f/llvmlib/clang+llvm-13.0.1-x86_64-linux-gnu-ubuntu-18.04/lib/clang/13.0.1/include]
  collapse include dir [/usr/local/include] ==> [/usr/local/include]
  collapse include dir [/usr/include/x86_64-linux-gnu] ==> [/usr/include/x86_64-linux-gnu]
  collapse include dir [/usr/include] ==> [/usr/include]
  implicit include dirs: [/usr/include/c++/11;/usr/include/x86_64-linux-gnu/c++/11;/usr/include/c++/11/backward;/home/f/llvmlib/clang+llvm-13.0.1-x86_64-linux-gnu-ubuntu-18.04/lib/clang/13.0.1/include;/usr/local/include;/usr/include/x86_64-linux-gnu;/usr/include]


Parsed CXX implicit link information from above output:
  link line regex: [^( *|.*[/\])(ld\.lld|CMAKE_LINK_STARTFILE-NOTFOUND|([^/\]+-)?ld|collect2)[^/\]*( |$)]
  ignore line: [Change Dir: /home/f/SVFtype/SVF-SVF-2.5/build/CMakeFiles/CMakeTmp]
  ignore line: []
  ignore line: [Run Build Command(s):/usr/bin/gmake -f Makefile cmTC_b4f08/fast && /usr/bin/gmake  -f CMakeFiles/cmTC_b4f08.dir/build.make CMakeFiles/cmTC_b4f08.dir/build]
  ignore line: [gmake[1]: Entering directory '/home/f/SVFtype/SVF-SVF-2.5/build/CMakeFiles/CMakeTmp']
  ignore line: [Building CXX object CMakeFiles/cmTC_b4f08.dir/CMakeCXXCompilerABI.cpp.o]
  ignore line: [/home/f/llvmlib/clang+llvm-13.0.1-x86_64-linux-gnu-ubuntu-18.04/bin/clang++   -v -MD -MT CMakeFiles/cmTC_b4f08.dir/CMakeCXXCompilerABI.cpp.o -MF CMakeFiles/cmTC_b4f08.dir/CMakeCXXCompilerABI.cpp.o.d -o CMakeFiles/cmTC_b4f08.dir/CMakeCXXCompilerABI.cpp.o -c /usr/share/cmake-3.22/Modules/CMakeCXXCompilerABI.cpp]
  ignore line: [clang version 13.0.1]
  ignore line: [Target: x86_64-unknown-linux-gnu]
  ignore line: [Thread model: posix]
  ignore line: [InstalledDir: /home/f/llvmlib/clang+llvm-13.0.1-x86_64-linux-gnu-ubuntu-18.04/bin]
  ignore line: [Found candidate GCC installation: /usr/lib/gcc/x86_64-linux-gnu/11]
  ignore line: [Selected GCC installation: /usr/lib/gcc/x86_64-linux-gnu/11]
  ignore line: [Candidate multilib: .]
  ignore line: [@m64]
  ignore line: [Selected multilib: .]
  ignore line: [@m64]
  ignore line: [ (in-process)]
  ignore line: [ "/home/f/llvmlib/clang+llvm-13.0.1-x86_64-linux-gnu-ubuntu-18.04/bin/clang-13" -cc1 -triple x86_64-unknown-linux-gnu -emit-obj -mrelax-all --mrelax-relocations -disable-free -disable-llvm-verifier -discard-value-names -main-file-name CMakeCXXCompilerABI.cpp -mrelocation-model static -mframe-pointer=all -fmath-errno -fno-rounding-math -mconstructor-aliases -munwind-tables -target-cpu x86-64 -tune-cpu generic -debugger-tuning=gdb -v -fcoverage-compilation-dir=/home/f/SVFtype/SVF-SVF-2.5/build/CMakeFiles/CMakeTmp -resource-dir /home/f/llvmlib/clang+llvm-13.0.1-x86_64-linux-gnu-ubuntu-18.04/lib/clang/13.0.1 -dependency-file CMakeFiles/cmTC_b4f08.dir/CMakeCXXCompilerABI.cpp.o.d -MT CMakeFiles/cmTC_b4f08.dir/CMakeCXXCompilerABI.cpp.o -sys-header-deps -internal-isystem /usr/lib/gcc/x86_64-linux-gnu/11/../../../../include/c++/11 -internal-isystem /usr/lib/gcc/x86_64-linux-gnu/11/../../../../include/x86_64-linux-gnu/c++/11 -internal-isystem /usr/lib/gcc/x86_64-linux-gnu/11/../../../../include/c++/11/backward -internal-isystem /home/f/llvmlib/clang+llvm-13.0.1-x86_64-linux-gnu-ubuntu-18.04/lib/clang/13.0.1/include -internal-isystem /usr/local/include -internal-isystem /usr/lib/gcc/x86_64-linux-gnu/11/../../../../x86_64-linux-gnu/include -internal-externc-isystem /usr/include/x86_64-linux-gnu -internal-externc-isystem /include -internal-externc-isystem /usr/include -fdeprecated-macro -fdebug-compilation-dir=/home/f/SVFtype/SVF-SVF-2.5/build/CMakeFiles/CMakeTmp -ferror-limit 19 -fgnuc-version=4.2.1 -fcxx-exceptions -fexceptions -faddrsig -D__GCC_HAVE_DWARF2_CFI_ASM=1 -o CMakeFiles/cmTC_b4f08.dir/CMakeCXXCompilerABI.cpp.o -x c++ /usr/share/cmake-3.22/Modules/CMakeCXXCompilerABI.cpp]
  ignore line: [clang -cc1 version 13.0.1 based upon LLVM 13.0.1 default target x86_64-unknown-linux-gnu]
  ignore line: [ignoring nonexistent directory "/usr/lib/gcc/x86_64-linux-gnu/11/../../../../x86_64-linux-gnu/include"]
  ignore line: [ignoring nonexistent directory "/include"]
  ignore line: [#include "..." search starts here:]
  ignore line: [#include <...> search starts here:]
  ignore line: [ /usr/lib/gcc/x86_64-linux-gnu/11/../../../../include/c++/11]
  ignore line: [ /usr/lib/gcc/x86_64-linux-gnu/11/../../../../include/x86_64-linux-gnu/c++/11]
  ignore line: [ /usr/lib/gcc/x86_64-linux-gnu/11/../../../../include/c++/11/backward]
  ignore line: [ /home/f/llvmlib/clang+llvm-13.0.1-x86_64-linux-gnu-ubuntu-18.04/lib/clang/13.0.1/include]
  ignore line: [ /usr/local/include]
  ignore line: [ /usr/include/x86_64-linux-gnu]
  ignore line: [ /usr/include]
  ignore line: [End of search list.]
  ignore line: [Linking CXX executable cmTC_b4f08]
  ignore line: [/usr/bin/cmake -E cmake_link_script CMakeFiles/cmTC_b4f08.dir/link.txt --verbose=1]
  ignore line: [/home/f/llvmlib/clang+llvm-13.0.1-x86_64-linux-gnu-ubuntu-18.04/bin/clang++  -v CMakeFiles/cmTC_b4f08.dir/CMakeCXXCompilerABI.cpp.o -o cmTC_b4f08 ]
  ignore line: [clang version 13.0.1]
  ignore line: [Target: x86_64-unknown-linux-gnu]
  ignore line: [Thread model: posix]
  ignore line: [InstalledDir: /home/f/llvmlib/clang+llvm-13.0.1-x86_64-linux-gnu-ubuntu-18.04/bin]
  ignore line: [Found candidate GCC installation: /usr/lib/gcc/x86_64-linux-gnu/11]
  ignore line: [Selected GCC installation: /usr/lib/gcc/x86_64-linux-gnu/11]
  ignore line: [Candidate multilib: .]
  ignore line: [@m64]
  ignore line: [Selected multilib: .]
  ignore line: [@m64]
  link line: [ "/usr/bin/ld" --eh-frame-hdr -m elf_x86_64 -dynamic-linker /lib64/ld-linux-x86-64.so.2 -o cmTC_b4f08 /lib/x86_64-linux-gnu/crt1.o /lib/x86_64-linux-gnu/crti.o /usr/lib/gcc/x86_64-linux-gnu/11/crtbegin.o -L/usr/lib/gcc/x86_64-linux-gnu/11 -L/usr/lib/gcc/x86_64-linux-gnu/11/../../../../lib64 -L/lib/x86_64-linux-gnu -L/lib/../lib64 -L/usr/lib/x86_64-linux-gnu -L/usr/lib/../lib64 -L/home/f/llvmlib/clang+llvm-13.0.1-x86_64-linux-gnu-ubuntu-18.04/bin/../lib -L/lib -L/usr/lib CMakeFiles/cmTC_b4f08.dir/CMakeCXXCompilerABI.cpp.o -lstdc++ -lm -lgcc_s -lgcc -lc -lgcc_s -lgcc /usr/lib/gcc/x86_64-linux-gnu/11/crtend.o /lib/x86_64-linux-gnu/crtn.o]
    arg [/usr/bin/ld] ==> ignore
    arg [--eh-frame-hdr] ==> ignore
    arg [-m] ==> ignore
    arg [elf_x86_64] ==> ignore
    arg [-dynamic-linker] ==> ignore
    arg [/lib64/ld-linux-x86-64.so.2] ==> ignore
    arg [-o] ==> ignore
    arg [cmTC_b4f08] ==> ignore
    arg [/lib/x86_64-linux-gnu/crt1.o] ==> obj [/lib/x86_64-linux-gnu/crt1.o]
    arg [/lib/x86_64-linux-gnu/crti.o] ==> obj [/lib/x86_64-linux-gnu/crti.o]
    arg [/usr/lib/gcc/x86_64-linux-gnu/11/crtbegin.o] ==> obj [/usr/lib/gcc/x86_64-linux-gnu/11/crtbegin.o]
    arg [-L/usr/lib/gcc/x86_64-linux-gnu/11] ==> dir [/usr/lib/gcc/x86_64-linux-gnu/11]
    arg [-L/usr/lib/gcc/x86_64-linux-gnu/11/../../../../lib64] ==> dir [/usr/lib/gcc/x86_64-linux-gnu/11/../../../../lib64]
    arg [-L/lib/x86_64-linux-gnu] ==> dir [/lib/x86_64-linux-gnu]
    arg [-L/lib/../lib64] ==> dir [/lib/../lib64]
    arg [-L/usr/lib/x86_64-linux-gnu] ==> dir [/usr/lib/x86_64-linux-gnu]
    arg [-L/usr/lib/../lib64] ==> dir [/usr/lib/../lib64]
    arg [-L/home/f/llvmlib/clang+llvm-13.0.1-x86_64-linux-gnu-ubuntu-18.04/bin/../lib] ==> dir [/home/f/llvmlib/clang+llvm-13.0.1-x86_64-linux-gnu-ubuntu-18.04/bin/../lib]
    arg [-L/lib] ==> dir [/lib]
    arg [-L/usr/lib] ==> dir [/usr/lib]
    arg [CMakeFiles/cmTC_b4f08.dir/CMakeCXXCompilerABI.cpp.o] ==> ignore
    arg [-lstdc++] ==> lib [stdc++]
    arg [-lm] ==> lib [m]
    arg [-lgcc_s] ==> lib [gcc_s]
    arg [-lgcc] ==> lib [gcc]
    arg [-lc] ==> lib [c]
    arg [-lgcc_s] ==> lib [gcc_s]
    arg [-lgcc] ==> lib [gcc]
    arg [/usr/lib/gcc/x86_64-linux-gnu/11/crtend.o] ==> obj [/usr/lib/gcc/x86_64-linux-gnu/11/crtend.o]
    arg [/lib/x86_64-linux-gnu/crtn.o] ==> obj [/lib/x86_64-linux-gnu/crtn.o]
  collapse library dir [/usr/lib/gcc/x86_64-linux-gnu/11] ==> [/usr/lib/gcc/x86_64-linux-gnu/11]
  collapse library dir [/usr/lib/gcc/x86_64-linux-gnu/11/../../../../lib64] ==> [/usr/lib64]
  collapse library dir [/lib/x86_64-linux-gnu] ==> [/lib/x86_64-linux-gnu]
  collapse library dir [/lib/../lib64] ==> [/lib64]
  collapse library dir [/usr/lib/x86_64-linux-gnu] ==> [/usr/lib/x86_64-linux-gnu]
  collapse library dir [/usr/lib/../lib64] ==> [/usr/lib64]
  collapse library dir [/home/f/llvmlib/clang+llvm-13.0.1-x86_64-linux-gnu-ubuntu-18.04/bin/../lib] ==> [/home/f/llvmlib/clang+llvm-13.0.1-x86_64-linux-gnu-ubuntu-18.04/lib]
  collapse library dir [/lib] ==> [/lib]
  collapse library dir [/usr/lib] ==> [/usr/lib]
  implicit libs: [stdc++;m;gcc_s;gcc;c;gcc_s;gcc]
  implicit objs: [/lib/x86_64-linux-gnu/crt1.o;/lib/x86_64-linux-gnu/crti.o;/usr/lib/gcc/x86_64-linux-gnu/11/crtbegin.o;/usr/lib/gcc/x86_64-linux-gnu/11/crtend.o;/lib/x86_64-linux-gnu/crtn.o]
  implicit dirs: [/usr/lib/gcc/x86_64-linux-gnu/11;/usr/lib64;/lib/x86_64-linux-gnu;/lib64;/usr/lib/x86_64-linux-gnu;/home/f/llvmlib/clang+llvm-13.0.1-x86_64-linux-gnu-ubuntu-18.04/lib;/lib;/usr/lib]
  implicit fwks: []


Determining if the include file pthread.h exists passed with the following output:
Change Dir: /home/f/SVFtype/SVF-SVF-2.5/build/CMakeFiles/CMakeTmp

Run Build Command(s):/usr/bin/gmake -f Makefile cmTC_5410b/fast && /usr/bin/gmake  -f CMakeFiles/cmTC_5410b.dir/build.make CMakeFiles/cmTC_5410b.dir/build
gmake[1]: Entering directory '/home/f/SVFtype/SVF-SVF-2.5/build/CMakeFiles/CMakeTmp'
Building C object CMakeFiles/cmTC_5410b.dir/CheckIncludeFile.c.o
/home/f/llvmlib/clang+llvm-13.0.1-x86_64-linux-gnu-ubuntu-18.04/bin/clang   -fPIC -Werror -Wall -O0  -MD -MT CMakeFiles/cmTC_5410b.dir/CheckIncludeFile.c.o -MF CMakeFiles/cmTC_5410b.dir/CheckIncludeFile.c.o.d -o CMakeFiles/cmTC_5410b.dir/CheckIncludeFile.c.o -c /home/f/SVFtype/SVF-SVF-2.5/build/CMakeFiles/CMakeTmp/CheckIncludeFile.c
Linking C executable cmTC_5410b
/usr/bin/cmake -E cmake_link_script CMakeFiles/cmTC_5410b.dir/link.txt --verbose=1
/home/f/llvmlib/clang+llvm-13.0.1-x86_64-linux-gnu-ubuntu-18.04/bin/clang  -fPIC -Werror -Wall -O0  CMakeFiles/cmTC_5410b.dir/CheckIncludeFile.c.o -o cmTC_5410b 
gmake[1]: Leaving directory '/home/f/SVFtype/SVF-SVF-2.5/build/CMakeFiles/CMakeTmp'



Performing C SOURCE FILE Test CMAKE_HAVE_LIBC_PTHREAD succeeded with the following output:
Change Dir: /home/f/SVFtype/SVF-SVF-2.5/build/CMakeFiles/CMakeTmp

Run Build Command(s):/usr/bin/gmake -f Makefile cmTC_d5f3a/fast && /usr/bin/gmake  -f CMakeFiles/cmTC_d5f3a.dir/build.make CMakeFiles/cmTC_d5f3a.dir/build
gmake[1]: Entering directory '/home/f/SVFtype/SVF-SVF-2.5/build/CMakeFiles/CMakeTmp'
Building C object CMakeFiles/cmTC_d5f3a.dir/src.c.o
/home/f/llvmlib/clang+llvm-13.0.1-x86_64-linux-gnu-ubuntu-18.04/bin/clang -DCMAKE_HAVE_LIBC_PTHREAD  -fPIC -Werror -Wall -O0  -MD -MT CMakeFiles/cmTC_d5f3a.dir/src.c.o -MF CMakeFiles/cmTC_d5f3a.dir/src.c.o.d -o CMakeFiles/cmTC_d5f3a.dir/src.c.o -c /home/f/SVFtype/SVF-SVF-2.5/build/CMakeFiles/CMakeTmp/src.c
Linking C executable cmTC_d5f3a
/usr/bin/cmake -E cmake_link_script CMakeFiles/cmTC_d5f3a.dir/link.txt --verbose=1
/home/f/llvmlib/clang+llvm-13.0.1-x86_64-linux-gnu-ubuntu-18.04/bin/clang  -fPIC -Werror -Wall -O0  CMakeFiles/cmTC_d5f3a.dir/src.c.o -o cmTC_d5f3a 
gmake[1]: Leaving directory '/home/f/SVFtype/SVF-SVF-2.5/build/CMakeFiles/CMakeTmp'


Source file was:
#include <pthread.h>

static void* test_func(void* data)
{
  return data;
}

int main(void)
{
  pthread_t thread;
  pthread_create(&thread, NULL, test_func, NULL);
  pthread_detach(thread);
  pthread_cancel(thread);
  pthread_join(thread, NULL);
  pthread_atfork(NULL, NULL, NULL);
  pthread_exit(NULL);

  return 0;
}

